INFO:mapreduce.manager.__main__:Starting manager host=localhost port=6000 pwd=/Users/emilyabrams/Downloads/eecs485/p4-mapreduce
INFO:mapreduce.utils.network:UDP Server is listening on port 6000 and is hosted on localhost
INFO:mapreduce.worker.__main__:Starting worker host=localhost port=6001 pwd=/Users/emilyabrams/Downloads/eecs485/p4-mapreduce
INFO:mapreduce.worker.__main__:manager_host=localhost manager_port=6000
INFO:mapreduce.manager.__main__:MANAGER RECEIVED MESSAGE register
INFO:mapreduce.worker.__main__:WORKER RECEIVED MESSAGE register_ack
INFO:mapreduce.worker.__main__:HEARTBEAT
INFO:mapreduce.manager.__main__:MANAGER RECEIVED HEARTBEAT
INFO:mapreduce.manager.__main__:Updated heartbeat for worker: ('localhost', 6001)
INFO:mapreduce.worker.__main__:HEARTBEAT
INFO:mapreduce.manager.__main__:MANAGER RECEIVED HEARTBEAT
INFO:mapreduce.manager.__main__:Updated heartbeat for worker: ('localhost', 6001)
INFO:mapreduce.worker.__main__:Starting worker host=localhost port=6002 pwd=/Users/emilyabrams/Downloads/eecs485/p4-mapreduce
INFO:mapreduce.worker.__main__:manager_host=localhost manager_port=6000
INFO:mapreduce.manager.__main__:MANAGER RECEIVED MESSAGE register
INFO:mapreduce.worker.__main__:WORKER RECEIVED MESSAGE register_ack
INFO:mapreduce.worker.__main__:HEARTBEAT
INFO:mapreduce.manager.__main__:MANAGER RECEIVED HEARTBEAT
INFO:mapreduce.manager.__main__:Updated heartbeat for worker: ('localhost', 6002)
INFO:mapreduce.worker.__main__:HEARTBEAT
INFO:mapreduce.manager.__main__:MANAGER RECEIVED HEARTBEAT
INFO:mapreduce.manager.__main__:Updated heartbeat for worker: ('localhost', 6001)
INFO:mapreduce.worker.__main__:HEARTBEAT
INFO:mapreduce.manager.__main__:MANAGER RECEIVED HEARTBEAT
INFO:mapreduce.manager.__main__:Updated heartbeat for worker: ('localhost', 6002)
INFO:mapreduce.worker.__main__:HEARTBEAT
INFO:mapreduce.manager.__main__:MANAGER RECEIVED HEARTBEAT
INFO:mapreduce.manager.__main__:Updated heartbeat for worker: ('localhost', 6001)
INFO:mapreduce.manager.__main__:MANAGER RECEIVED MESSAGE new_manager_job
INFO:mapreduce.manager.__main__:ADDED JOB 0
INFO:mapreduce.utils.job:STARTING JOB MAPPING PARTITION
INFO:mapreduce.manager.__main__:Processing job 0, current state: mapping
INFO:mapreduce.manager.__main__:Created tmpdir /var/folders/bg/w_g2t75d3dq2m4hcn5s2kx7r0000gn/T/mapreduce-shared-job00000-aqaxq0oh
INFO:mapreduce.manager.__main__:PICKED WORKER ('localhost', 6001)
INFO:mapreduce.manager.__main__:ASSIGNED MAPPER
INFO:mapreduce.manager.__main__:PICKED WORKER ('localhost', 6002)
INFO:mapreduce.worker.__main__:WORKER RECEIVED MESSAGE new_map_task
INFO:mapreduce.worker.__main__:MAPPING
INFO:mapreduce.manager.__main__:ASSIGNED MAPPER
INFO:mapreduce.worker.__main__:WORKER RECEIVED MESSAGE new_map_task
INFO:mapreduce.worker.__main__:MAPPING
INFO:mapreduce.worker.__main__:MAPPING EXECUTABLE
INFO:mapreduce.worker.__main__:MAPPING EXECUTABLE
INFO:mapreduce.worker.__main__:WORKER TASK DONE
INFO:mapreduce.worker.__main__:WORKER TASK DONE
INFO:mapreduce.manager.__main__:MANAGER RECEIVED MESSAGE finished
INFO:mapreduce.manager.__main__:MANAGER RECEIVED MESSAGE finished
INFO:mapreduce.utils.job:STARTING JOB REDUCING PARTITION
INFO:mapreduce.manager.__main__:STARTING REDUCER
INFO:mapreduce.manager.__main__:PICKED WORKER ('localhost', 6001)
INFO:mapreduce.manager.__main__:ASSIGNED REDUCER
INFO:mapreduce.manager.__main__:PICKED WORKER ('localhost', 6002)
INFO:mapreduce.worker.__main__:WORKER RECEIVED MESSAGE new_reduce_task
INFO:mapreduce.worker.__main__:REDUCING
INFO:mapreduce.manager.__main__:ASSIGNED REDUCER
INFO:mapreduce.worker.__main__:WORKER RECEIVED MESSAGE new_reduce_task
INFO:mapreduce.worker.__main__:REDUCING
INFO:mapreduce.worker.__main__:WORKER TASK DONE
INFO:mapreduce.worker.__main__:WORKER TASK DONE
INFO:mapreduce.manager.__main__:MANAGER RECEIVED MESSAGE finished
INFO:mapreduce.manager.__main__:MANAGER RECEIVED MESSAGE finished
INFO:mapreduce.manager.__main__:Cleaned tmpdir /var/folders/bg/w_g2t75d3dq2m4hcn5s2kx7r0000gn/T/mapreduce-shared-job00000-aqaxq0oh
INFO:mapreduce.worker.__main__:HEARTBEAT
INFO:mapreduce.manager.__main__:MANAGER RECEIVED HEARTBEAT
INFO:mapreduce.manager.__main__:Updated heartbeat for worker: ('localhost', 6002)
INFO:mapreduce.worker.__main__:HEARTBEAT
INFO:mapreduce.manager.__main__:MANAGER RECEIVED HEARTBEAT
INFO:mapreduce.manager.__main__:Updated heartbeat for worker: ('localhost', 6001)
INFO:mapreduce.worker.__main__:HEARTBEAT
INFO:mapreduce.manager.__main__:MANAGER RECEIVED HEARTBEAT
INFO:mapreduce.manager.__main__:Updated heartbeat for worker: ('localhost', 6002)
INFO:mapreduce.worker.__main__:HEARTBEAT
INFO:mapreduce.manager.__main__:MANAGER RECEIVED HEARTBEAT
INFO:mapreduce.manager.__main__:Updated heartbeat for worker: ('localhost', 6001)
INFO:mapreduce.worker.__main__:HEARTBEAT
INFO:mapreduce.manager.__main__:MANAGER RECEIVED HEARTBEAT
INFO:mapreduce.manager.__main__:Updated heartbeat for worker: ('localhost', 6002)
INFO:mapreduce.worker.__main__:HEARTBEAT
INFO:mapreduce.manager.__main__:MANAGER RECEIVED HEARTBEAT
INFO:mapreduce.manager.__main__:Updated heartbeat for worker: ('localhost', 6001)
INFO:mapreduce.worker.__main__:HEARTBEAT
INFO:mapreduce.manager.__main__:MANAGER RECEIVED HEARTBEAT
INFO:mapreduce.manager.__main__:Updated heartbeat for worker: ('localhost', 6002)
INFO:mapreduce.worker.__main__:HEARTBEAT
INFO:mapreduce.manager.__main__:MANAGER RECEIVED HEARTBEAT
INFO:mapreduce.manager.__main__:Updated heartbeat for worker: ('localhost', 6001)
INFO:mapreduce.worker.__main__:HEARTBEAT
INFO:mapreduce.manager.__main__:MANAGER RECEIVED HEARTBEAT
INFO:mapreduce.manager.__main__:Updated heartbeat for worker: ('localhost', 6002)
INFO:mapreduce.worker.__main__:HEARTBEAT
INFO:mapreduce.manager.__main__:MANAGER RECEIVED HEARTBEAT
INFO:mapreduce.manager.__main__:Updated heartbeat for worker: ('localhost', 6001)
INFO:mapreduce.worker.__main__:HEARTBEAT
INFO:mapreduce.manager.__main__:MANAGER RECEIVED HEARTBEAT
INFO:mapreduce.manager.__main__:Updated heartbeat for worker: ('localhost', 6002)
INFO:mapreduce.worker.__main__:HEARTBEAT
INFO:mapreduce.manager.__main__:MANAGER RECEIVED HEARTBEAT
INFO:mapreduce.manager.__main__:Updated heartbeat for worker: ('localhost', 6001)
INFO:mapreduce.worker.__main__:HEARTBEAT
INFO:mapreduce.manager.__main__:MANAGER RECEIVED HEARTBEAT
INFO:mapreduce.manager.__main__:Updated heartbeat for worker: ('localhost', 6002)
INFO:mapreduce.worker.__main__:HEARTBEAT
INFO:mapreduce.manager.__main__:MANAGER RECEIVED HEARTBEAT
INFO:mapreduce.manager.__main__:Updated heartbeat for worker: ('localhost', 6001)
INFO:mapreduce.worker.__main__:HEARTBEAT
INFO:mapreduce.manager.__main__:MANAGER RECEIVED HEARTBEAT
INFO:mapreduce.manager.__main__:Updated heartbeat for worker: ('localhost', 6002)
INFO:mapreduce.worker.__main__:HEARTBEAT
INFO:mapreduce.manager.__main__:MANAGER RECEIVED HEARTBEAT
INFO:mapreduce.manager.__main__:Updated heartbeat for worker: ('localhost', 6001)
INFO:mapreduce.worker.__main__:HEARTBEAT
INFO:mapreduce.manager.__main__:MANAGER RECEIVED HEARTBEAT
INFO:mapreduce.manager.__main__:Updated heartbeat for worker: ('localhost', 6002)
INFO:mapreduce.worker.__main__:HEARTBEAT
INFO:mapreduce.manager.__main__:MANAGER RECEIVED HEARTBEAT
INFO:mapreduce.manager.__main__:Updated heartbeat for worker: ('localhost', 6001)
INFO:mapreduce.worker.__main__:HEARTBEAT
INFO:mapreduce.manager.__main__:MANAGER RECEIVED HEARTBEAT
INFO:mapreduce.manager.__main__:Updated heartbeat for worker: ('localhost', 6002)
INFO:mapreduce.worker.__main__:HEARTBEAT
INFO:mapreduce.manager.__main__:MANAGER RECEIVED HEARTBEAT
INFO:mapreduce.manager.__main__:Updated heartbeat for worker: ('localhost', 6001)
INFO:mapreduce.worker.__main__:HEARTBEAT
INFO:mapreduce.manager.__main__:MANAGER RECEIVED HEARTBEAT
INFO:mapreduce.manager.__main__:Updated heartbeat for worker: ('localhost', 6002)
INFO:mapreduce.worker.__main__:HEARTBEAT
INFO:mapreduce.manager.__main__:MANAGER RECEIVED HEARTBEAT
INFO:mapreduce.manager.__main__:Updated heartbeat for worker: ('localhost', 6001)
INFO:mapreduce.manager.__main__:MANAGER RECEIVED MESSAGE shutdown
INFO:mapreduce.worker.__main__:HEARTBEAT
INFO:mapreduce.manager.__main__:MANAGER RECEIVED HEARTBEAT
INFO:mapreduce.manager.__main__:Updated heartbeat for worker: ('localhost', 6002)
INFO:mapreduce.manager.__main__:workers thread
INFO:mapreduce.manager.__main__:jobs thread
INFO:mapreduce.worker.__main__:WORKER RECEIVED MESSAGE shutdown
INFO:mapreduce.manager.__main__:messages thread
INFO:mapreduce.worker.__main__:WORKER RECEIVED MESSAGE shutdown
INFO:mapreduce.manager.__main__:status thread
INFO:mapreduce.manager.__main__:Starting manager host=localhost port=6000 pwd=/Users/emilyabrams/Downloads/eecs485/p4-mapreduce
INFO:mapreduce.utils.network:UDP Server is listening on port 6000 and is hosted on localhost
INFO:mapreduce.worker.__main__:Starting worker host=localhost port=6001 pwd=/Users/emilyabrams/Downloads/eecs485/p4-mapreduce
INFO:mapreduce.worker.__main__:manager_host=localhost manager_port=6000
INFO:mapreduce.manager.__main__:MANAGER RECEIVED MESSAGE register
INFO:mapreduce.worker.__main__:WORKER RECEIVED MESSAGE register_ack
INFO:mapreduce.worker.__main__:HEARTBEAT
INFO:mapreduce.manager.__main__:MANAGER RECEIVED HEARTBEAT
INFO:mapreduce.manager.__main__:Updated heartbeat for worker: ('localhost', 6001)
INFO:mapreduce.worker.__main__:HEARTBEAT
INFO:mapreduce.manager.__main__:MANAGER RECEIVED HEARTBEAT
INFO:mapreduce.manager.__main__:Updated heartbeat for worker: ('localhost', 6001)
INFO:mapreduce.worker.__main__:HEARTBEAT
INFO:mapreduce.manager.__main__:MANAGER RECEIVED HEARTBEAT
INFO:mapreduce.manager.__main__:Updated heartbeat for worker: ('localhost', 6001)
INFO:mapreduce.worker.__main__:Starting worker host=localhost port=6002 pwd=/Users/emilyabrams/Downloads/eecs485/p4-mapreduce
INFO:mapreduce.worker.__main__:manager_host=localhost manager_port=6000
INFO:mapreduce.manager.__main__:MANAGER RECEIVED MESSAGE register
INFO:mapreduce.worker.__main__:WORKER RECEIVED MESSAGE register_ack
INFO:mapreduce.worker.__main__:HEARTBEAT
INFO:mapreduce.manager.__main__:MANAGER RECEIVED HEARTBEAT
INFO:mapreduce.manager.__main__:Updated heartbeat for worker: ('localhost', 6002)
INFO:mapreduce.worker.__main__:HEARTBEAT
INFO:mapreduce.manager.__main__:MANAGER RECEIVED HEARTBEAT
INFO:mapreduce.manager.__main__:Updated heartbeat for worker: ('localhost', 6001)
INFO:mapreduce.worker.__main__:HEARTBEAT
INFO:mapreduce.manager.__main__:MANAGER RECEIVED HEARTBEAT
INFO:mapreduce.manager.__main__:Updated heartbeat for worker: ('localhost', 6002)
INFO:mapreduce.worker.__main__:HEARTBEAT
INFO:mapreduce.manager.__main__:MANAGER RECEIVED HEARTBEAT
INFO:mapreduce.manager.__main__:Updated heartbeat for worker: ('localhost', 6001)
INFO:mapreduce.manager.__main__:MANAGER RECEIVED MESSAGE new_manager_job
INFO:mapreduce.manager.__main__:ADDED JOB 0
INFO:mapreduce.utils.job:STARTING JOB MAPPING PARTITION
INFO:mapreduce.manager.__main__:Processing job 0, current state: mapping
INFO:mapreduce.manager.__main__:Created tmpdir /var/folders/bg/w_g2t75d3dq2m4hcn5s2kx7r0000gn/T/mapreduce-shared-job00000-6q9cufd0
INFO:mapreduce.manager.__main__:PICKED WORKER ('localhost', 6001)
INFO:mapreduce.manager.__main__:ASSIGNED MAPPER
INFO:mapreduce.manager.__main__:PICKED WORKER ('localhost', 6002)
INFO:mapreduce.worker.__main__:WORKER RECEIVED MESSAGE new_map_task
INFO:mapreduce.worker.__main__:MAPPING
INFO:mapreduce.manager.__main__:ASSIGNED MAPPER
INFO:mapreduce.worker.__main__:WORKER RECEIVED MESSAGE new_map_task
INFO:mapreduce.worker.__main__:MAPPING
INFO:mapreduce.worker.__main__:MAPPING EXECUTABLE
INFO:mapreduce.worker.__main__:MAPPING EXECUTABLE
INFO:mapreduce.worker.__main__:HEARTBEAT
INFO:mapreduce.manager.__main__:MANAGER RECEIVED HEARTBEAT
INFO:mapreduce.manager.__main__:Updated heartbeat for worker: ('localhost', 6002)
INFO:mapreduce.worker.__main__:HEARTBEAT
INFO:mapreduce.manager.__main__:MANAGER RECEIVED HEARTBEAT
INFO:mapreduce.manager.__main__:Updated heartbeat for worker: ('localhost', 6001)
INFO:mapreduce.worker.__main__:HEARTBEAT
INFO:mapreduce.manager.__main__:MANAGER RECEIVED HEARTBEAT
INFO:mapreduce.manager.__main__:Updated heartbeat for worker: ('localhost', 6002)
INFO:mapreduce.worker.__main__:HEARTBEAT
INFO:mapreduce.manager.__main__:MANAGER RECEIVED HEARTBEAT
INFO:mapreduce.manager.__main__:Updated heartbeat for worker: ('localhost', 6001)
INFO:mapreduce.worker.__main__:HEARTBEAT
INFO:mapreduce.manager.__main__:MANAGER RECEIVED HEARTBEAT
INFO:mapreduce.manager.__main__:Updated heartbeat for worker: ('localhost', 6002)
INFO:mapreduce.worker.__main__:HEARTBEAT
INFO:mapreduce.manager.__main__:MANAGER RECEIVED HEARTBEAT
INFO:mapreduce.manager.__main__:Updated heartbeat for worker: ('localhost', 6001)
INFO:mapreduce.worker.__main__:HEARTBEAT
INFO:mapreduce.manager.__main__:MANAGER RECEIVED HEARTBEAT
INFO:mapreduce.manager.__main__:Updated heartbeat for worker: ('localhost', 6002)
INFO:mapreduce.worker.__main__:HEARTBEAT
INFO:mapreduce.manager.__main__:MANAGER RECEIVED HEARTBEAT
INFO:mapreduce.manager.__main__:Updated heartbeat for worker: ('localhost', 6001)
INFO:mapreduce.worker.__main__:HEARTBEAT
INFO:mapreduce.manager.__main__:MANAGER RECEIVED HEARTBEAT
INFO:mapreduce.manager.__main__:Updated heartbeat for worker: ('localhost', 6002)
INFO:mapreduce.worker.__main__:HEARTBEAT
INFO:mapreduce.manager.__main__:MANAGER RECEIVED HEARTBEAT
INFO:mapreduce.manager.__main__:Updated heartbeat for worker: ('localhost', 6001)
INFO:mapreduce.worker.__main__:HEARTBEAT
INFO:mapreduce.manager.__main__:MANAGER RECEIVED HEARTBEAT
INFO:mapreduce.manager.__main__:Updated heartbeat for worker: ('localhost', 6002)
INFO:mapreduce.worker.__main__:HEARTBEAT
INFO:mapreduce.manager.__main__:MANAGER RECEIVED HEARTBEAT
INFO:mapreduce.manager.__main__:Updated heartbeat for worker: ('localhost', 6001)
INFO:mapreduce.worker.__main__:HEARTBEAT
INFO:mapreduce.manager.__main__:MANAGER RECEIVED HEARTBEAT
INFO:mapreduce.manager.__main__:Updated heartbeat for worker: ('localhost', 6002)
INFO:mapreduce.worker.__main__:HEARTBEAT
INFO:mapreduce.manager.__main__:MANAGER RECEIVED HEARTBEAT
INFO:mapreduce.manager.__main__:Updated heartbeat for worker: ('localhost', 6001)
INFO:mapreduce.worker.__main__:HEARTBEAT
INFO:mapreduce.manager.__main__:MANAGER RECEIVED HEARTBEAT
INFO:mapreduce.manager.__main__:Updated heartbeat for worker: ('localhost', 6002)
INFO:mapreduce.worker.__main__:HEARTBEAT
INFO:mapreduce.manager.__main__:MANAGER RECEIVED HEARTBEAT
INFO:mapreduce.manager.__main__:Updated heartbeat for worker: ('localhost', 6001)
INFO:mapreduce.worker.__main__:HEARTBEAT
INFO:mapreduce.manager.__main__:MANAGER RECEIVED HEARTBEAT
INFO:mapreduce.manager.__main__:Updated heartbeat for worker: ('localhost', 6002)
INFO:mapreduce.worker.__main__:HEARTBEAT
INFO:mapreduce.manager.__main__:MANAGER RECEIVED HEARTBEAT
INFO:mapreduce.manager.__main__:Updated heartbeat for worker: ('localhost', 6001)
INFO:mapreduce.worker.__main__:HEARTBEAT
INFO:mapreduce.manager.__main__:MANAGER RECEIVED HEARTBEAT
INFO:mapreduce.manager.__main__:Updated heartbeat for worker: ('localhost', 6002)
INFO:mapreduce.worker.__main__:HEARTBEAT
INFO:mapreduce.manager.__main__:MANAGER RECEIVED HEARTBEAT
INFO:mapreduce.manager.__main__:Updated heartbeat for worker: ('localhost', 6001)
INFO:mapreduce.worker.__main__:HEARTBEAT
INFO:mapreduce.manager.__main__:MANAGER RECEIVED HEARTBEAT
INFO:mapreduce.manager.__main__:Updated heartbeat for worker: ('localhost', 6002)
INFO:mapreduce.worker.__main__:HEARTBEAT
INFO:mapreduce.manager.__main__:MANAGER RECEIVED HEARTBEAT
INFO:mapreduce.manager.__main__:Updated heartbeat for worker: ('localhost', 6001)
INFO:mapreduce.worker.__main__:HEARTBEAT
INFO:mapreduce.manager.__main__:MANAGER RECEIVED HEARTBEAT
INFO:mapreduce.manager.__main__:Updated heartbeat for worker: ('localhost', 6002)
INFO:mapreduce.worker.__main__:HEARTBEAT
INFO:mapreduce.manager.__main__:MANAGER RECEIVED HEARTBEAT
INFO:mapreduce.manager.__main__:Updated heartbeat for worker: ('localhost', 6001)
INFO:mapreduce.worker.__main__:HEARTBEAT
INFO:mapreduce.manager.__main__:MANAGER RECEIVED HEARTBEAT
INFO:mapreduce.manager.__main__:Updated heartbeat for worker: ('localhost', 6002)
INFO:mapreduce.worker.__main__:HEARTBEAT
INFO:mapreduce.manager.__main__:MANAGER RECEIVED HEARTBEAT
INFO:mapreduce.manager.__main__:Updated heartbeat for worker: ('localhost', 6001)
INFO:mapreduce.worker.__main__:HEARTBEAT
INFO:mapreduce.manager.__main__:MANAGER RECEIVED HEARTBEAT
INFO:mapreduce.manager.__main__:Updated heartbeat for worker: ('localhost', 6002)
INFO:mapreduce.manager.__main__:MANAGER RECEIVED MESSAGE shutdown
INFO:mapreduce.utils.remote_worker:CONNECTION REFUSED: worker ('localhost', 6001) marked dead
INFO:mapreduce.manager.__main__:Cleaned tmpdir /var/folders/bg/w_g2t75d3dq2m4hcn5s2kx7r0000gn/T/mapreduce-shared-job00000-6q9cufd0
INFO:mapreduce.utils.remote_worker:CONNECTION REFUSED: worker ('localhost', 6002) marked dead
INFO:mapreduce.manager.__main__:workers thread
INFO:mapreduce.manager.__main__:jobs thread
INFO:mapreduce.manager.__main__:messages thread
INFO:mapreduce.manager.__main__:status thread
INFO:mapreduce.worker.__main__:HEARTBEAT
INFO:mapreduce.worker.__main__:HEARTBEAT
INFO:mapreduce.manager.__main__:Starting manager host=localhost port=6000 pwd=/Users/emilyabrams/Downloads/eecs485/p4-mapreduce
INFO:mapreduce.utils.network:UDP Server is listening on port 6000 and is hosted on localhost
INFO:mapreduce.worker.__main__:Starting worker host=localhost port=6001 pwd=/Users/emilyabrams/Downloads/eecs485/p4-mapreduce
INFO:mapreduce.worker.__main__:manager_host=localhost manager_port=6000
INFO:mapreduce.manager.__main__:MANAGER RECEIVED MESSAGE register
INFO:mapreduce.worker.__main__:WORKER RECEIVED MESSAGE register_ack
INFO:mapreduce.worker.__main__:HEARTBEAT
INFO:mapreduce.manager.__main__:MANAGER RECEIVED HEARTBEAT
INFO:mapreduce.manager.__main__:Updated heartbeat for worker: ('localhost', 6001)
INFO:mapreduce.worker.__main__:HEARTBEAT
INFO:mapreduce.manager.__main__:MANAGER RECEIVED HEARTBEAT
INFO:mapreduce.manager.__main__:Updated heartbeat for worker: ('localhost', 6001)
INFO:mapreduce.worker.__main__:Starting worker host=localhost port=6002 pwd=/Users/emilyabrams/Downloads/eecs485/p4-mapreduce
INFO:mapreduce.worker.__main__:manager_host=localhost manager_port=6000
INFO:mapreduce.manager.__main__:MANAGER RECEIVED MESSAGE register
INFO:mapreduce.worker.__main__:WORKER RECEIVED MESSAGE register_ack
INFO:mapreduce.worker.__main__:HEARTBEAT
INFO:mapreduce.manager.__main__:MANAGER RECEIVED HEARTBEAT
INFO:mapreduce.manager.__main__:Updated heartbeat for worker: ('localhost', 6002)
INFO:mapreduce.worker.__main__:HEARTBEAT
INFO:mapreduce.manager.__main__:MANAGER RECEIVED HEARTBEAT
INFO:mapreduce.manager.__main__:Updated heartbeat for worker: ('localhost', 6001)
INFO:mapreduce.worker.__main__:HEARTBEAT
INFO:mapreduce.manager.__main__:MANAGER RECEIVED HEARTBEAT
INFO:mapreduce.manager.__main__:Updated heartbeat for worker: ('localhost', 6002)
INFO:mapreduce.manager.__main__:MANAGER RECEIVED MESSAGE new_manager_job
INFO:mapreduce.manager.__main__:ADDED JOB 0
INFO:mapreduce.utils.job:STARTING JOB MAPPING PARTITION
INFO:mapreduce.manager.__main__:Processing job 0, current state: mapping
INFO:mapreduce.manager.__main__:Created tmpdir /var/folders/bg/w_g2t75d3dq2m4hcn5s2kx7r0000gn/T/mapreduce-shared-job00000-8gsy3955
INFO:mapreduce.manager.__main__:PICKED WORKER ('localhost', 6001)
INFO:mapreduce.manager.__main__:ASSIGNED MAPPER
INFO:mapreduce.manager.__main__:PICKED WORKER ('localhost', 6002)
INFO:mapreduce.worker.__main__:WORKER RECEIVED MESSAGE new_map_task
INFO:mapreduce.worker.__main__:MAPPING
INFO:mapreduce.manager.__main__:ASSIGNED MAPPER
INFO:mapreduce.worker.__main__:WORKER RECEIVED MESSAGE new_map_task
INFO:mapreduce.worker.__main__:MAPPING
INFO:mapreduce.worker.__main__:MAPPING EXECUTABLE
INFO:mapreduce.worker.__main__:MAPPING EXECUTABLE
INFO:mapreduce.worker.__main__:WORKER TASK DONE
INFO:mapreduce.worker.__main__:WORKER TASK DONE
INFO:mapreduce.manager.__main__:MANAGER RECEIVED MESSAGE finished
INFO:mapreduce.manager.__main__:MANAGER RECEIVED MESSAGE finished
INFO:mapreduce.utils.job:STARTING JOB REDUCING PARTITION
INFO:mapreduce.manager.__main__:STARTING REDUCER
INFO:mapreduce.manager.__main__:PICKED WORKER ('localhost', 6001)
INFO:mapreduce.manager.__main__:ASSIGNED REDUCER
INFO:mapreduce.manager.__main__:PICKED WORKER ('localhost', 6002)
INFO:mapreduce.worker.__main__:WORKER RECEIVED MESSAGE new_reduce_task
INFO:mapreduce.worker.__main__:REDUCING
INFO:mapreduce.manager.__main__:ASSIGNED REDUCER
INFO:mapreduce.worker.__main__:WORKER RECEIVED MESSAGE new_reduce_task
INFO:mapreduce.worker.__main__:REDUCING
INFO:mapreduce.worker.__main__:WORKER TASK DONE
INFO:mapreduce.worker.__main__:WORKER TASK DONE
INFO:mapreduce.manager.__main__:MANAGER RECEIVED MESSAGE finished
INFO:mapreduce.manager.__main__:MANAGER RECEIVED MESSAGE finished
INFO:mapreduce.manager.__main__:Cleaned tmpdir /var/folders/bg/w_g2t75d3dq2m4hcn5s2kx7r0000gn/T/mapreduce-shared-job00000-8gsy3955
INFO:mapreduce.worker.__main__:HEARTBEAT
INFO:mapreduce.manager.__main__:MANAGER RECEIVED HEARTBEAT
INFO:mapreduce.manager.__main__:Updated heartbeat for worker: ('localhost', 6001)
INFO:mapreduce.worker.__main__:HEARTBEAT
INFO:mapreduce.manager.__main__:MANAGER RECEIVED HEARTBEAT
INFO:mapreduce.manager.__main__:Updated heartbeat for worker: ('localhost', 6002)
INFO:mapreduce.worker.__main__:HEARTBEAT
INFO:mapreduce.manager.__main__:MANAGER RECEIVED HEARTBEAT
INFO:mapreduce.manager.__main__:Updated heartbeat for worker: ('localhost', 6001)
INFO:mapreduce.worker.__main__:HEARTBEAT
INFO:mapreduce.manager.__main__:MANAGER RECEIVED HEARTBEAT
INFO:mapreduce.manager.__main__:Updated heartbeat for worker: ('localhost', 6002)
INFO:mapreduce.worker.__main__:HEARTBEAT
INFO:mapreduce.manager.__main__:MANAGER RECEIVED HEARTBEAT
INFO:mapreduce.manager.__main__:Updated heartbeat for worker: ('localhost', 6001)
INFO:mapreduce.worker.__main__:HEARTBEAT
INFO:mapreduce.manager.__main__:MANAGER RECEIVED HEARTBEAT
INFO:mapreduce.manager.__main__:Updated heartbeat for worker: ('localhost', 6002)
INFO:mapreduce.worker.__main__:HEARTBEAT
INFO:mapreduce.manager.__main__:MANAGER RECEIVED HEARTBEAT
INFO:mapreduce.manager.__main__:Updated heartbeat for worker: ('localhost', 6001)
INFO:mapreduce.worker.__main__:HEARTBEAT
INFO:mapreduce.manager.__main__:MANAGER RECEIVED HEARTBEAT
INFO:mapreduce.manager.__main__:Updated heartbeat for worker: ('localhost', 6002)
INFO:mapreduce.worker.__main__:HEARTBEAT
INFO:mapreduce.manager.__main__:MANAGER RECEIVED HEARTBEAT
INFO:mapreduce.manager.__main__:Updated heartbeat for worker: ('localhost', 6001)
INFO:mapreduce.worker.__main__:HEARTBEAT
INFO:mapreduce.manager.__main__:MANAGER RECEIVED HEARTBEAT
INFO:mapreduce.manager.__main__:Updated heartbeat for worker: ('localhost', 6002)
INFO:mapreduce.worker.__main__:HEARTBEAT
INFO:mapreduce.manager.__main__:MANAGER RECEIVED HEARTBEAT
INFO:mapreduce.manager.__main__:Updated heartbeat for worker: ('localhost', 6001)
INFO:mapreduce.worker.__main__:HEARTBEAT
INFO:mapreduce.manager.__main__:MANAGER RECEIVED HEARTBEAT
INFO:mapreduce.manager.__main__:Updated heartbeat for worker: ('localhost', 6002)
INFO:mapreduce.worker.__main__:HEARTBEAT
INFO:mapreduce.manager.__main__:MANAGER RECEIVED HEARTBEAT
INFO:mapreduce.manager.__main__:Updated heartbeat for worker: ('localhost', 6001)
INFO:mapreduce.worker.__main__:HEARTBEAT
INFO:mapreduce.manager.__main__:MANAGER RECEIVED HEARTBEAT
INFO:mapreduce.manager.__main__:Updated heartbeat for worker: ('localhost', 6002)
INFO:mapreduce.worker.__main__:HEARTBEAT
INFO:mapreduce.manager.__main__:MANAGER RECEIVED HEARTBEAT
INFO:mapreduce.manager.__main__:Updated heartbeat for worker: ('localhost', 6001)
INFO:mapreduce.worker.__main__:HEARTBEAT
INFO:mapreduce.manager.__main__:MANAGER RECEIVED HEARTBEAT
INFO:mapreduce.manager.__main__:Updated heartbeat for worker: ('localhost', 6002)
INFO:mapreduce.worker.__main__:HEARTBEAT
INFO:mapreduce.manager.__main__:MANAGER RECEIVED HEARTBEAT
INFO:mapreduce.manager.__main__:Updated heartbeat for worker: ('localhost', 6001)
INFO:mapreduce.worker.__main__:HEARTBEAT
INFO:mapreduce.manager.__main__:MANAGER RECEIVED HEARTBEAT
INFO:mapreduce.manager.__main__:Updated heartbeat for worker: ('localhost', 6002)
INFO:mapreduce.worker.__main__:HEARTBEAT
INFO:mapreduce.manager.__main__:MANAGER RECEIVED HEARTBEAT
INFO:mapreduce.manager.__main__:Updated heartbeat for worker: ('localhost', 6001)
INFO:mapreduce.worker.__main__:HEARTBEAT
INFO:mapreduce.manager.__main__:MANAGER RECEIVED HEARTBEAT
INFO:mapreduce.manager.__main__:Updated heartbeat for worker: ('localhost', 6002)
INFO:mapreduce.manager.__main__:MANAGER RECEIVED MESSAGE shutdown
INFO:mapreduce.worker.__main__:WORKER RECEIVED MESSAGE shutdown
INFO:mapreduce.worker.__main__:WORKER RECEIVED MESSAGE shutdown
INFO:mapreduce.manager.__main__:workers thread
INFO:mapreduce.manager.__main__:jobs thread
INFO:mapreduce.manager.__main__:messages thread
INFO:mapreduce.manager.__main__:status thread
INFO:mapreduce.manager.__main__:Starting manager host=localhost port=6000 pwd=/Users/emilyabrams/Downloads/eecs485/p4-mapreduce
INFO:mapreduce.manager.__main__:starting jobs
INFO:mapreduce.manager.__main__:in jobs
INFO:mapreduce.utils.network:UDP Server is listening on port 6000 and is hosted on localhost
INFO:mapreduce.utils.network:TCP Server is listening on port {port} and is hosted on {host}
INFO:mapreduce.worker.__main__:Starting worker host=localhost port=6001 pwd=/Users/emilyabrams/Downloads/eecs485/p4-mapreduce
INFO:mapreduce.worker.__main__:manager_host=localhost manager_port=6000
INFO:mapreduce.utils.network:client
INFO:mapreduce.utils.network:Attempting to TCP connect to localhost:6000
INFO:mapreduce.utils.network:TCP Server is listening on port {port} and is hosted on {host}
INFO:mapreduce.utils.network:TCP connected to localhost:6000
INFO:mapreduce.utils.network:Sending message: {"message_type": "register", "worker_host": "localhost", "worker_port": 6001}
INFO:mapreduce.utils.network:Connection accepted
WARNING:mapreduce.utils.network:No data received from TCP connection
INFO:mapreduce.utils.network:message {'message_type': 'register', 'worker_host': 'localhost', 'worker_port': 6001}
INFO:mapreduce.manager.__main__:MANAGER RECEIVED MESSAGE register
INFO:mapreduce.utils.network:client
INFO:mapreduce.utils.network:Attempting to TCP connect to localhost:6001
INFO:mapreduce.utils.network:Connection accepted
INFO:mapreduce.utils.network:TCP connected to localhost:6001
INFO:mapreduce.utils.network:Sending message: {"message_type": "register_ack"}
WARNING:mapreduce.utils.network:No data received from TCP connection
INFO:mapreduce.utils.network:message {'message_type': 'register_ack'}
INFO:mapreduce.worker.__main__:WORKER RECEIVED MESSAGE register_ack
INFO:mapreduce.utils.network:sent
INFO:mapreduce.utils.network:Sending message: {"message_type": "heartbeat", "worker_host": "localhost", "worker_port": 6001}
ERROR:mapreduce.utils.network:Error in UDP client: [Errno 56] Socket is already connected
INFO:mapreduce.worker.__main__:HEARTBEAT
INFO:mapreduce.utils.network:sent
INFO:mapreduce.utils.network:Sending message: {"message_type": "heartbeat", "worker_host": "localhost", "worker_port": 6001}
ERROR:mapreduce.utils.network:Error in UDP client: [Errno 56] Socket is already connected
INFO:mapreduce.worker.__main__:HEARTBEAT
INFO:mapreduce.worker.__main__:Starting worker host=localhost port=6002 pwd=/Users/emilyabrams/Downloads/eecs485/p4-mapreduce
INFO:mapreduce.worker.__main__:manager_host=localhost manager_port=6000
INFO:mapreduce.utils.network:client
INFO:mapreduce.utils.network:Attempting to TCP connect to localhost:6000
INFO:mapreduce.utils.network:TCP Server is listening on port {port} and is hosted on {host}
INFO:mapreduce.utils.network:TCP connected to localhost:6000
INFO:mapreduce.utils.network:Sending message: {"message_type": "register", "worker_host": "localhost", "worker_port": 6002}
INFO:mapreduce.utils.network:Connection accepted
WARNING:mapreduce.utils.network:No data received from TCP connection
INFO:mapreduce.utils.network:message {'message_type': 'register', 'worker_host': 'localhost', 'worker_port': 6002}
INFO:mapreduce.manager.__main__:MANAGER RECEIVED MESSAGE register
INFO:mapreduce.utils.network:client
INFO:mapreduce.utils.network:Attempting to TCP connect to localhost:6002
INFO:mapreduce.utils.network:Connection accepted
INFO:mapreduce.utils.network:TCP connected to localhost:6002
INFO:mapreduce.utils.network:Sending message: {"message_type": "register_ack"}
WARNING:mapreduce.utils.network:No data received from TCP connection
INFO:mapreduce.utils.network:message {'message_type': 'register_ack'}
INFO:mapreduce.worker.__main__:WORKER RECEIVED MESSAGE register_ack
INFO:mapreduce.utils.network:sent
INFO:mapreduce.utils.network:Sending message: {"message_type": "heartbeat", "worker_host": "localhost", "worker_port": 6002}
ERROR:mapreduce.utils.network:Error in UDP client: [Errno 56] Socket is already connected
INFO:mapreduce.worker.__main__:HEARTBEAT
INFO:mapreduce.utils.network:sent
INFO:mapreduce.utils.network:Sending message: {"message_type": "heartbeat", "worker_host": "localhost", "worker_port": 6001}
ERROR:mapreduce.utils.network:Error in UDP client: [Errno 56] Socket is already connected
INFO:mapreduce.worker.__main__:HEARTBEAT
INFO:mapreduce.utils.network:Sending message: {"message_type": "heartbeat", "worker_host": "localhost", "worker_port": 6002}
ERROR:mapreduce.utils.network:Error in UDP client: [Errno 56] Socket is already connected
INFO:mapreduce.worker.__main__:HEARTBEAT
INFO:mapreduce.utils.network:Connection accepted
WARNING:mapreduce.utils.network:No data received from TCP connection
INFO:mapreduce.utils.network:message {'message_type': 'new_manager_job', 'input_directory': 'tests/testdata/input_small', 'output_directory': 'output', 'mapper_executable': 'tests/testdata/exec/wc_map.sh', 'reducer_executable': 'tests/testdata/exec/wc_reduce.sh', 'num_mappers': 2, 'num_reducers': 2}
INFO:mapreduce.manager.__main__:MANAGER RECEIVED MESSAGE new_manager_job
INFO:mapreduce.manager.__main__:ADDED JOB 0
INFO:mapreduce.utils.network:sent
INFO:mapreduce.utils.job:STARTING JOB MAPPING PARTITION
INFO:mapreduce.manager.__main__:Processing job 0, current state: mapping
INFO:mapreduce.manager.__main__:Created tmpdir /var/folders/bg/w_g2t75d3dq2m4hcn5s2kx7r0000gn/T/mapreduce-shared-job00000-7b6xnyfe
INFO:mapreduce.manager.__main__:PICKED WORKER ('localhost', 6001)
INFO:mapreduce.utils.network:client
INFO:mapreduce.utils.network:Attempting to TCP connect to localhost:6001
INFO:mapreduce.utils.network:TCP connected to localhost:6001
INFO:mapreduce.utils.network:Sending message: {"message_type": "new_map_task", "task_id": 0, "input_paths": ["tests/testdata/input_small/file01"], "executable": "tests/testdata/exec/wc_map.sh", "output_directory": "/var/folders/bg/w_g2t75d3dq2m4hcn5s2kx7r0000gn/T/mapreduce-shared-job00000-7b6xnyfe", "num_partitions": 2}
INFO:mapreduce.manager.__main__:ASSIGNED MAPPER
INFO:mapreduce.manager.__main__:PICKED WORKER ('localhost', 6002)
INFO:mapreduce.utils.network:client
INFO:mapreduce.utils.network:Attempting to TCP connect to localhost:6002
INFO:mapreduce.utils.network:Connection accepted
WARNING:mapreduce.utils.network:No data received from TCP connection
INFO:mapreduce.utils.network:message {'message_type': 'new_map_task', 'task_id': 0, 'input_paths': ['tests/testdata/input_small/file01'], 'executable': 'tests/testdata/exec/wc_map.sh', 'output_directory': '/var/folders/bg/w_g2t75d3dq2m4hcn5s2kx7r0000gn/T/mapreduce-shared-job00000-7b6xnyfe', 'num_partitions': 2}
INFO:mapreduce.worker.__main__:WORKER RECEIVED MESSAGE new_map_task
INFO:mapreduce.worker.__main__:MAPPING
INFO:mapreduce.utils.network:TCP connected to localhost:6002
INFO:mapreduce.utils.network:Sending message: {"message_type": "new_map_task", "task_id": 1, "input_paths": ["tests/testdata/input_small/file02"], "executable": "tests/testdata/exec/wc_map.sh", "output_directory": "/var/folders/bg/w_g2t75d3dq2m4hcn5s2kx7r0000gn/T/mapreduce-shared-job00000-7b6xnyfe", "num_partitions": 2}
INFO:mapreduce.manager.__main__:ASSIGNED MAPPER
INFO:mapreduce.utils.network:Connection accepted
WARNING:mapreduce.utils.network:No data received from TCP connection
INFO:mapreduce.utils.network:message {'message_type': 'new_map_task', 'task_id': 1, 'input_paths': ['tests/testdata/input_small/file02'], 'executable': 'tests/testdata/exec/wc_map.sh', 'output_directory': '/var/folders/bg/w_g2t75d3dq2m4hcn5s2kx7r0000gn/T/mapreduce-shared-job00000-7b6xnyfe', 'num_partitions': 2}
INFO:mapreduce.worker.__main__:WORKER RECEIVED MESSAGE new_map_task
INFO:mapreduce.worker.__main__:MAPPING
INFO:mapreduce.worker.__main__:MAPPING EXECUTABLE
INFO:mapreduce.worker.__main__:MAPPING EXECUTABLE
INFO:mapreduce.worker.__main__:WORKER TASK DONE
INFO:mapreduce.worker.__main__:WORKER TASK DONE
INFO:mapreduce.utils.network:client
INFO:mapreduce.utils.network:client
INFO:mapreduce.utils.network:Attempting to TCP connect to localhost:6000
INFO:mapreduce.utils.network:Attempting to TCP connect to localhost:6000
INFO:mapreduce.utils.network:TCP connected to localhost:6000
INFO:mapreduce.utils.network:TCP connected to localhost:6000
INFO:mapreduce.utils.network:Sending message: {"message_type": "finished", "task_id": 0, "worker_host": "localhost", "worker_port": 6001}
INFO:mapreduce.utils.network:Sending message: {"message_type": "finished", "task_id": 1, "worker_host": "localhost", "worker_port": 6002}
INFO:mapreduce.utils.network:sent
INFO:mapreduce.utils.network:sent
INFO:mapreduce.utils.network:Connection accepted
WARNING:mapreduce.utils.network:No data received from TCP connection
INFO:mapreduce.utils.network:message {'message_type': 'finished', 'task_id': 1, 'worker_host': 'localhost', 'worker_port': 6002}
INFO:mapreduce.manager.__main__:MANAGER RECEIVED MESSAGE finished
INFO:mapreduce.utils.network:sent
INFO:mapreduce.utils.network:Connection accepted
WARNING:mapreduce.utils.network:No data received from TCP connection
INFO:mapreduce.utils.network:message {'message_type': 'finished', 'task_id': 0, 'worker_host': 'localhost', 'worker_port': 6001}
INFO:mapreduce.manager.__main__:MANAGER RECEIVED MESSAGE finished
INFO:mapreduce.utils.network:sent
INFO:mapreduce.utils.job:STARTING JOB REDUCING PARTITION
INFO:mapreduce.manager.__main__:STARTING REDUCER
INFO:mapreduce.manager.__main__:PICKED WORKER ('localhost', 6001)
INFO:mapreduce.utils.network:client
INFO:mapreduce.utils.network:Attempting to TCP connect to localhost:6001
INFO:mapreduce.utils.network:TCP connected to localhost:6001
INFO:mapreduce.utils.network:Sending message: {"message_type": "new_reduce_task", "task_id": 0, "input_paths": ["/var/folders/bg/w_g2t75d3dq2m4hcn5s2kx7r0000gn/T/mapreduce-shared-job00000-7b6xnyfe/maptask00000-part00000", "/var/folders/bg/w_g2t75d3dq2m4hcn5s2kx7r0000gn/T/mapreduce-shared-job00000-7b6xnyfe/maptask00001-part00000"], "executable": "tests/testdata/exec/wc_reduce.sh", "output_directory": "output"}
INFO:mapreduce.manager.__main__:ASSIGNED REDUCER
INFO:mapreduce.manager.__main__:PICKED WORKER ('localhost', 6002)
INFO:mapreduce.utils.network:Connection accepted
INFO:mapreduce.utils.network:client
WARNING:mapreduce.utils.network:No data received from TCP connection
INFO:mapreduce.utils.network:Attempting to TCP connect to localhost:6002
INFO:mapreduce.utils.network:message {'message_type': 'new_reduce_task', 'task_id': 0, 'input_paths': ['/var/folders/bg/w_g2t75d3dq2m4hcn5s2kx7r0000gn/T/mapreduce-shared-job00000-7b6xnyfe/maptask00000-part00000', '/var/folders/bg/w_g2t75d3dq2m4hcn5s2kx7r0000gn/T/mapreduce-shared-job00000-7b6xnyfe/maptask00001-part00000'], 'executable': 'tests/testdata/exec/wc_reduce.sh', 'output_directory': 'output'}
INFO:mapreduce.worker.__main__:WORKER RECEIVED MESSAGE new_reduce_task
INFO:mapreduce.worker.__main__:REDUCING
INFO:mapreduce.utils.network:TCP connected to localhost:6002
INFO:mapreduce.utils.network:Sending message: {"message_type": "new_reduce_task", "task_id": 1, "input_paths": ["/var/folders/bg/w_g2t75d3dq2m4hcn5s2kx7r0000gn/T/mapreduce-shared-job00000-7b6xnyfe/maptask00000-part00001", "/var/folders/bg/w_g2t75d3dq2m4hcn5s2kx7r0000gn/T/mapreduce-shared-job00000-7b6xnyfe/maptask00001-part00001"], "executable": "tests/testdata/exec/wc_reduce.sh", "output_directory": "output"}
INFO:mapreduce.manager.__main__:ASSIGNED REDUCER
INFO:mapreduce.utils.network:Connection accepted
WARNING:mapreduce.utils.network:No data received from TCP connection
INFO:mapreduce.utils.network:message {'message_type': 'new_reduce_task', 'task_id': 1, 'input_paths': ['/var/folders/bg/w_g2t75d3dq2m4hcn5s2kx7r0000gn/T/mapreduce-shared-job00000-7b6xnyfe/maptask00000-part00001', '/var/folders/bg/w_g2t75d3dq2m4hcn5s2kx7r0000gn/T/mapreduce-shared-job00000-7b6xnyfe/maptask00001-part00001'], 'executable': 'tests/testdata/exec/wc_reduce.sh', 'output_directory': 'output'}
INFO:mapreduce.worker.__main__:WORKER RECEIVED MESSAGE new_reduce_task
INFO:mapreduce.worker.__main__:REDUCING
INFO:mapreduce.worker.__main__:WORKER TASK DONE
INFO:mapreduce.worker.__main__:WORKER TASK DONE
INFO:mapreduce.utils.network:client
INFO:mapreduce.utils.network:client
INFO:mapreduce.utils.network:Attempting to TCP connect to localhost:6000
INFO:mapreduce.utils.network:Attempting to TCP connect to localhost:6000
INFO:mapreduce.utils.network:TCP connected to localhost:6000
INFO:mapreduce.utils.network:TCP connected to localhost:6000
INFO:mapreduce.utils.network:Sending message: {"message_type": "finished", "task_id": 1, "worker_host": "localhost", "worker_port": 6002}
INFO:mapreduce.utils.network:Sending message: {"message_type": "finished", "task_id": 0, "worker_host": "localhost", "worker_port": 6001}
INFO:mapreduce.utils.network:sent
INFO:mapreduce.utils.network:sent
INFO:mapreduce.utils.network:Connection accepted
WARNING:mapreduce.utils.network:No data received from TCP connection
INFO:mapreduce.utils.network:message {'message_type': 'finished', 'task_id': 1, 'worker_host': 'localhost', 'worker_port': 6002}
INFO:mapreduce.manager.__main__:MANAGER RECEIVED MESSAGE finished
INFO:mapreduce.utils.network:sent
INFO:mapreduce.utils.network:Connection accepted
WARNING:mapreduce.utils.network:No data received from TCP connection
INFO:mapreduce.utils.network:message {'message_type': 'finished', 'task_id': 0, 'worker_host': 'localhost', 'worker_port': 6001}
INFO:mapreduce.manager.__main__:MANAGER RECEIVED MESSAGE finished
INFO:mapreduce.utils.network:sent
INFO:mapreduce.manager.__main__:Cleaned tmpdir /var/folders/bg/w_g2t75d3dq2m4hcn5s2kx7r0000gn/T/mapreduce-shared-job00000-7b6xnyfe
INFO:mapreduce.utils.network:Sending message: {"message_type": "heartbeat", "worker_host": "localhost", "worker_port": 6001}
ERROR:mapreduce.utils.network:Error in UDP client: [Errno 56] Socket is already connected
INFO:mapreduce.worker.__main__:HEARTBEAT
INFO:mapreduce.utils.network:Sending message: {"message_type": "heartbeat", "worker_host": "localhost", "worker_port": 6002}
ERROR:mapreduce.utils.network:Error in UDP client: [Errno 56] Socket is already connected
INFO:mapreduce.worker.__main__:HEARTBEAT
INFO:mapreduce.utils.network:Sending message: {"message_type": "heartbeat", "worker_host": "localhost", "worker_port": 6001}
ERROR:mapreduce.utils.network:Error in UDP client: [Errno 56] Socket is already connected
INFO:mapreduce.worker.__main__:HEARTBEAT
INFO:mapreduce.utils.network:Sending message: {"message_type": "heartbeat", "worker_host": "localhost", "worker_port": 6002}
ERROR:mapreduce.utils.network:Error in UDP client: [Errno 56] Socket is already connected
INFO:mapreduce.worker.__main__:HEARTBEAT
INFO:mapreduce.utils.network:Sending message: {"message_type": "heartbeat", "worker_host": "localhost", "worker_port": 6001}
ERROR:mapreduce.utils.network:Error in UDP client: [Errno 56] Socket is already connected
INFO:mapreduce.worker.__main__:HEARTBEAT
INFO:mapreduce.utils.network:Sending message: {"message_type": "heartbeat", "worker_host": "localhost", "worker_port": 6002}
ERROR:mapreduce.utils.network:Error in UDP client: [Errno 56] Socket is already connected
INFO:mapreduce.worker.__main__:HEARTBEAT
INFO:mapreduce.manager.__main__:Worker localhost last heartbeat: 1743012501.064117
INFO:mapreduce.manager.__main__:DEAD WORKER: ('localhost', 6001) 
INFO:mapreduce.manager.__main__:Worker localhost last heartbeat: 1743012501.064117
INFO:mapreduce.utils.network:Sending message: {"message_type": "heartbeat", "worker_host": "localhost", "worker_port": 6001}
ERROR:mapreduce.utils.network:Error in UDP client: [Errno 56] Socket is already connected
INFO:mapreduce.worker.__main__:HEARTBEAT
INFO:mapreduce.utils.network:Sending message: {"message_type": "heartbeat", "worker_host": "localhost", "worker_port": 6002}
ERROR:mapreduce.utils.network:Error in UDP client: [Errno 56] Socket is already connected
INFO:mapreduce.worker.__main__:HEARTBEAT
INFO:mapreduce.manager.__main__:Worker localhost last heartbeat: 1743012501.064117
INFO:mapreduce.manager.__main__:Worker localhost last heartbeat: 1743012503.2503061
INFO:mapreduce.manager.__main__:DEAD WORKER: ('localhost', 6002) 
INFO:mapreduce.manager.__main__:Worker localhost last heartbeat: 1743012501.064117
INFO:mapreduce.manager.__main__:Worker localhost last heartbeat: 1743012503.2503061
INFO:mapreduce.utils.network:Sending message: {"message_type": "heartbeat", "worker_host": "localhost", "worker_port": 6001}
ERROR:mapreduce.utils.network:Error in UDP client: [Errno 56] Socket is already connected
INFO:mapreduce.worker.__main__:HEARTBEAT
INFO:mapreduce.utils.network:Sending message: {"message_type": "heartbeat", "worker_host": "localhost", "worker_port": 6002}
ERROR:mapreduce.utils.network:Error in UDP client: [Errno 56] Socket is already connected
INFO:mapreduce.worker.__main__:HEARTBEAT
INFO:mapreduce.manager.__main__:Worker localhost last heartbeat: 1743012501.064117
INFO:mapreduce.manager.__main__:Worker localhost last heartbeat: 1743012503.2503061
INFO:mapreduce.utils.network:Connection timed out
INFO:mapreduce.utils.network:Connection timed out
INFO:mapreduce.utils.network:Connection timed out
INFO:mapreduce.manager.__main__:Worker localhost last heartbeat: 1743012501.064117
INFO:mapreduce.manager.__main__:Worker localhost last heartbeat: 1743012503.2503061
INFO:mapreduce.utils.network:Sending message: {"message_type": "heartbeat", "worker_host": "localhost", "worker_port": 6001}
ERROR:mapreduce.utils.network:Error in UDP client: [Errno 56] Socket is already connected
INFO:mapreduce.worker.__main__:HEARTBEAT
INFO:mapreduce.utils.network:Sending message: {"message_type": "heartbeat", "worker_host": "localhost", "worker_port": 6002}
ERROR:mapreduce.utils.network:Error in UDP client: [Errno 56] Socket is already connected
INFO:mapreduce.worker.__main__:HEARTBEAT
INFO:mapreduce.manager.__main__:Worker localhost last heartbeat: 1743012501.064117
INFO:mapreduce.manager.__main__:Worker localhost last heartbeat: 1743012503.2503061
INFO:mapreduce.manager.__main__:Worker localhost last heartbeat: 1743012501.064117
INFO:mapreduce.manager.__main__:Worker localhost last heartbeat: 1743012503.2503061
INFO:mapreduce.utils.network:Sending message: {"message_type": "heartbeat", "worker_host": "localhost", "worker_port": 6001}
ERROR:mapreduce.utils.network:Error in UDP client: [Errno 56] Socket is already connected
INFO:mapreduce.worker.__main__:HEARTBEAT
INFO:mapreduce.utils.network:Sending message: {"message_type": "heartbeat", "worker_host": "localhost", "worker_port": 6002}
ERROR:mapreduce.utils.network:Error in UDP client: [Errno 56] Socket is already connected
INFO:mapreduce.worker.__main__:HEARTBEAT
INFO:mapreduce.manager.__main__:Worker localhost last heartbeat: 1743012501.064117
INFO:mapreduce.manager.__main__:Worker localhost last heartbeat: 1743012503.2503061
INFO:mapreduce.manager.__main__:Worker localhost last heartbeat: 1743012501.064117
INFO:mapreduce.manager.__main__:Worker localhost last heartbeat: 1743012503.2503061
INFO:mapreduce.utils.network:Sending message: {"message_type": "heartbeat", "worker_host": "localhost", "worker_port": 6001}
ERROR:mapreduce.utils.network:Error in UDP client: [Errno 56] Socket is already connected
INFO:mapreduce.worker.__main__:HEARTBEAT
INFO:mapreduce.utils.network:Sending message: {"message_type": "heartbeat", "worker_host": "localhost", "worker_port": 6002}
ERROR:mapreduce.utils.network:Error in UDP client: [Errno 56] Socket is already connected
INFO:mapreduce.worker.__main__:HEARTBEAT
INFO:mapreduce.manager.__main__:Worker localhost last heartbeat: 1743012501.064117
INFO:mapreduce.manager.__main__:Worker localhost last heartbeat: 1743012503.2503061
INFO:mapreduce.utils.network:Connection accepted
WARNING:mapreduce.utils.network:No data received from TCP connection
INFO:mapreduce.utils.network:message {'message_type': 'shutdown'}
INFO:mapreduce.manager.__main__:MANAGER RECEIVED MESSAGE shutdown
INFO:mapreduce.manager.__main__:Worker localhost last heartbeat: 1743012501.064117
INFO:mapreduce.manager.__main__:Worker localhost last heartbeat: 1743012503.2503061
INFO:mapreduce.utils.network:sent
INFO:mapreduce.utils.network:Sending message: {"message_type": "heartbeat", "worker_host": "localhost", "worker_port": 6001}
ERROR:mapreduce.utils.network:Error in UDP client: [Errno 56] Socket is already connected
INFO:mapreduce.worker.__main__:HEARTBEAT
INFO:mapreduce.utils.network:Sending message: {"message_type": "heartbeat", "worker_host": "localhost", "worker_port": 6002}
ERROR:mapreduce.utils.network:Error in UDP client: [Errno 56] Socket is already connected
INFO:mapreduce.worker.__main__:HEARTBEAT
INFO:mapreduce.manager.__main__:workers thread
INFO:mapreduce.manager.__main__:jobs thread
INFO:mapreduce.manager.__main__:messages thread
INFO:mapreduce.manager.__main__:status thread
